<?xml version="1.0" encoding="UTF-8"?>
<testng-results ignored="0" total="11" passed="10" failed="1" skipped="0">
  <reporter-output>
  </reporter-output>
  <suite started-at="2025-09-02T10:48:53 IST" name="Default suite" finished-at="2025-09-02T10:51:45 IST" duration-ms="172737">
    <groups>
    </groups>
    <test started-at="2025-09-02T10:48:53 IST" name="Default test" finished-at="2025-09-02T10:51:45 IST" duration-ms="172737">
      <class name="Project.BStack">
        <test-method is-config="true" signature="beforeTest()[pri:0, instance:Project.BStack@6ed3ccb2]" started-at="2025-09-02T10:48:53 IST" name="beforeTest" finished-at="2025-09-02T10:51:34 IST" duration-ms="161200" status="PASS">
          <reporter-output>
          </reporter-output>
        </test-method> <!-- beforeTest -->
        <test-method signature="login()[pri:1, instance:Project.BStack@6ed3ccb2]" started-at="2025-09-02T10:51:34 IST" name="login" finished-at="2025-09-02T10:51:35 IST" duration-ms="1318" status="PASS">
          <reporter-output>
          </reporter-output>
        </test-method> <!-- login -->
        <test-method signature="addtocart()[pri:2, instance:Project.BStack@6ed3ccb2]" started-at="2025-09-02T10:51:35 IST" name="addtocart" finished-at="2025-09-02T10:51:39 IST" duration-ms="3360" status="PASS">
          <reporter-output>
          </reporter-output>
        </test-method> <!-- addtocart -->
        <test-method signature="deleteitemfromcart()[pri:3, instance:Project.BStack@6ed3ccb2]" started-at="2025-09-02T10:51:39 IST" name="deleteitemfromcart" finished-at="2025-09-02T10:51:40 IST" duration-ms="1079" status="FAIL">
          <exception class="org.openqa.selenium.ElementClickInterceptedException">
            <message>
              <![CDATA[element click intercepted: Element <span class="bag bag--float-cart-closed">...</span> is not clickable at point (1336, 105). Other element would receive the click: <a href="#">...</a>
  (Session info: chrome=139.0.7258.155)
Build info: version: '4.22.0', revision: 'c5f3146703*'
System info: os.name: 'Windows 11', os.arch: 'amd64', os.version: '10.0', java.version: '21.0.1'
Driver info: org.openqa.selenium.chrome.ChromeDriver
Command: [dbfb04714ae768ec4d6e47ae63611896, clickElement {id=f.95684D2659F1EB7CF99FE7774168AD16.d.C05293D4B70BE1CD39BFEE802128D1AD.e.180}]
Capabilities {acceptInsecureCerts: false, browserName: chrome, browserVersion: 139.0.7258.155, chrome: {chromedriverVersion: 139.0.7258.154 (9e0d6b2b47f..., userDataDir: C:\Users\ASUS\AppData\Local...}, fedcm:accounts: true, goog:chromeOptions: {debuggerAddress: localhost:60062}, networkConnectionEnabled: false, pageLoadStrategy: normal, platformName: windows, proxy: Proxy(), se:cdp: ws://localhost:60062/devtoo..., se:cdpVersion: 139.0.7258.155, setWindowRect: true, strictFileInteractability: false, timeouts: {implicit: 0, pageLoad: 300000, script: 30000}, unhandledPromptBehavior: dismiss and notify, webauthn:extension:credBlob: true, webauthn:extension:largeBlob: true, webauthn:extension:minPinLength: true, webauthn:extension:prf: true, webauthn:virtualAuthenticators: true}
Element: [[ChromeDriver: chrome on windows (dbfb04714ae768ec4d6e47ae63611896)] -> css selector: span[class="bag bag--float-cart-closed"]]
Session ID: dbfb04714ae768ec4d6e47ae63611896]]>
            </message>
            <full-stacktrace>
              <![CDATA[org.openqa.selenium.ElementClickInterceptedException: element click intercepted: Element <span class="bag bag--float-cart-closed">...</span> is not clickable at point (1336, 105). Other element would receive the click: <a href="#">...</a>
  (Session info: chrome=139.0.7258.155)
Build info: version: '4.22.0', revision: 'c5f3146703*'
System info: os.name: 'Windows 11', os.arch: 'amd64', os.version: '10.0', java.version: '21.0.1'
Driver info: org.openqa.selenium.chrome.ChromeDriver
Command: [dbfb04714ae768ec4d6e47ae63611896, clickElement {id=f.95684D2659F1EB7CF99FE7774168AD16.d.C05293D4B70BE1CD39BFEE802128D1AD.e.180}]
Capabilities {acceptInsecureCerts: false, browserName: chrome, browserVersion: 139.0.7258.155, chrome: {chromedriverVersion: 139.0.7258.154 (9e0d6b2b47f..., userDataDir: C:\Users\ASUS\AppData\Local...}, fedcm:accounts: true, goog:chromeOptions: {debuggerAddress: localhost:60062}, networkConnectionEnabled: false, pageLoadStrategy: normal, platformName: windows, proxy: Proxy(), se:cdp: ws://localhost:60062/devtoo..., se:cdpVersion: 139.0.7258.155, setWindowRect: true, strictFileInteractability: false, timeouts: {implicit: 0, pageLoad: 300000, script: 30000}, unhandledPromptBehavior: dismiss and notify, webauthn:extension:credBlob: true, webauthn:extension:largeBlob: true, webauthn:extension:minPinLength: true, webauthn:extension:prf: true, webauthn:virtualAuthenticators: true}
Element: [[ChromeDriver: chrome on windows (dbfb04714ae768ec4d6e47ae63611896)] -> css selector: span[class="bag bag--float-cart-closed"]]
Session ID: dbfb04714ae768ec4d6e47ae63611896
at java.base/jdk.internal.reflect.DirectConstructorHandleAccessor.newInstance(DirectConstructorHandleAccessor.java:62)
at java.base/java.lang.reflect.Constructor.newInstanceWithCaller(Constructor.java:502)
at java.base/java.lang.reflect.Constructor.newInstance(Constructor.java:486)
at org.openqa.selenium.remote.ErrorCodec.decode(ErrorCodec.java:167)
at org.openqa.selenium.remote.codec.w3c.W3CHttpResponseCodec.decode(W3CHttpResponseCodec.java:138)
at org.openqa.selenium.remote.codec.w3c.W3CHttpResponseCodec.decode(W3CHttpResponseCodec.java:50)
at org.openqa.selenium.remote.HttpCommandExecutor.execute(HttpCommandExecutor.java:190)
at org.openqa.selenium.remote.service.DriverCommandExecutor.invokeExecute(DriverCommandExecutor.java:216)
at org.openqa.selenium.remote.service.DriverCommandExecutor.execute(DriverCommandExecutor.java:174)
at org.openqa.selenium.remote.RemoteWebDriver.execute(RemoteWebDriver.java:518)
at org.openqa.selenium.remote.RemoteWebElement.execute(RemoteWebElement.java:223)
at org.openqa.selenium.remote.RemoteWebElement.click(RemoteWebElement.java:76)
at Project.Bstackpageclass.deleteitemfromcart(Bstackpageclass.java:72)
at Project.BStack.deleteitemfromcart(BStack.java:44)
at java.base/jdk.internal.reflect.DirectMethodHandleAccessor.invoke(DirectMethodHandleAccessor.java:103)
at java.base/java.lang.reflect.Method.invoke(Method.java:580)
at org.testng.internal.invokers.MethodInvocationHelper.invokeMethod(MethodInvocationHelper.java:141)
at org.testng.internal.invokers.TestInvoker.invokeMethod(TestInvoker.java:687)
at org.testng.internal.invokers.TestInvoker.invokeTestMethod(TestInvoker.java:230)
at org.testng.internal.invokers.MethodRunner.runInSequence(MethodRunner.java:63)
at org.testng.internal.invokers.TestInvoker$MethodInvocationAgent.invoke(TestInvoker.java:995)
at org.testng.internal.invokers.TestInvoker.invokeTestMethods(TestInvoker.java:203)
at org.testng.internal.invokers.TestMethodWorker.invokeTestMethods(TestMethodWorker.java:154)
at org.testng.internal.invokers.TestMethodWorker.run(TestMethodWorker.java:134)
at java.base/java.util.ArrayList.forEach(ArrayList.java:1596)
at org.testng.TestRunner.privateRun(TestRunner.java:741)
at org.testng.TestRunner.run(TestRunner.java:616)
at org.testng.SuiteRunner.runTest(SuiteRunner.java:421)
at org.testng.SuiteRunner.runSequentially(SuiteRunner.java:413)
at org.testng.SuiteRunner.privateRun(SuiteRunner.java:373)
at org.testng.SuiteRunner.run(SuiteRunner.java:312)
at org.testng.SuiteRunnerWorker.runSuite(SuiteRunnerWorker.java:52)
at org.testng.SuiteRunnerWorker.run(SuiteRunnerWorker.java:95)
at org.testng.TestNG.runSuitesSequentially(TestNG.java:1274)
at org.testng.TestNG.runSuitesLocally(TestNG.java:1208)
at org.testng.TestNG.runSuites(TestNG.java:1112)
at org.testng.TestNG.run(TestNG.java:1079)
at org.testng.remote.AbstractRemoteTestNG.run(AbstractRemoteTestNG.java:115)
at org.testng.remote.RemoteTestNG.initAndRun(RemoteTestNG.java:293)
at org.testng.remote.RemoteTestNG.main(RemoteTestNG.java:91)
]]>
            </full-stacktrace>
          </exception> <!-- org.openqa.selenium.ElementClickInterceptedException -->
          <reporter-output>
          </reporter-output>
        </test-method> <!-- deleteitemfromcart -->
        <test-method signature="buy()[pri:4, instance:Project.BStack@6ed3ccb2]" started-at="2025-09-02T10:51:40 IST" name="buy" finished-at="2025-09-02T10:51:43 IST" duration-ms="2985" status="PASS">
          <reporter-output>
          </reporter-output>
        </test-method> <!-- buy -->
        <test-method signature="search()[pri:5, instance:Project.BStack@6ed3ccb2]" started-at="2025-09-02T10:51:43 IST" name="search" finished-at="2025-09-02T10:51:43 IST" duration-ms="706" status="PASS">
          <reporter-output>
          </reporter-output>
        </test-method> <!-- search -->
        <test-method signature="shopbybrand()[pri:6, instance:Project.BStack@6ed3ccb2]" started-at="2025-09-02T10:51:43 IST" name="shopbybrand" finished-at="2025-09-02T10:51:45 IST" duration-ms="1202" status="PASS">
          <reporter-output>
          </reporter-output>
        </test-method> <!-- shopbybrand -->
        <test-method signature="orderby()[pri:7, instance:Project.BStack@6ed3ccb2]" started-at="2025-09-02T10:51:45 IST" name="orderby" finished-at="2025-09-02T10:51:45 IST" duration-ms="98" status="PASS">
          <reporter-output>
          </reporter-output>
        </test-method> <!-- orderby -->
        <test-method signature="favourites()[pri:8, instance:Project.BStack@6ed3ccb2]" started-at="2025-09-02T10:51:45 IST" name="favourites" finished-at="2025-09-02T10:51:45 IST" duration-ms="188" status="PASS">
          <reporter-output>
          </reporter-output>
        </test-method> <!-- favourites -->
        <test-method signature="offers()[pri:9, instance:Project.BStack@6ed3ccb2]" started-at="2025-09-02T10:51:45 IST" name="offers" finished-at="2025-09-02T10:51:45 IST" duration-ms="89" status="PASS">
          <reporter-output>
          </reporter-output>
        </test-method> <!-- offers -->
        <test-method signature="privacypolicy()[pri:10, instance:Project.BStack@6ed3ccb2]" started-at="2025-09-02T10:51:45 IST" name="privacypolicy" finished-at="2025-09-02T10:51:45 IST" duration-ms="187" status="PASS">
          <reporter-output>
          </reporter-output>
        </test-method> <!-- privacypolicy -->
        <test-method signature="logout()[pri:11, instance:Project.BStack@6ed3ccb2]" started-at="2025-09-02T10:51:45 IST" name="logout" finished-at="2025-09-02T10:51:45 IST" duration-ms="76" status="PASS">
          <reporter-output>
          </reporter-output>
        </test-method> <!-- logout -->
        <test-method is-config="true" signature="afterTest()[pri:0, instance:Project.BStack@6ed3ccb2]" started-at="2025-09-02T10:51:45 IST" name="afterTest" finished-at="2025-09-02T10:51:45 IST" duration-ms="142" status="PASS">
          <reporter-output>
          </reporter-output>
        </test-method> <!-- afterTest -->
      </class> <!-- Project.BStack -->
    </test> <!-- Default test -->
  </suite> <!-- Default suite -->
</testng-results>
